<?xml version="1.0"?>
<!DOCTYPE coverage SYSTEM "http://cobertura.sourceforge.net/xml/coverage-04.dtd">

<coverage line-rate="0.7142857142857143" branch-rate="1.0" lines-covered="5" lines-valid="7" branches-covered="0" branches-valid="0" complexity="2.0" version="2.1.1" timestamp="1477366071673">
	<sources>
		<source>--source</source>
		<source>D:/test/test/src/main/java</source>
	</sources>
	<packages>
		<package name="com.weixin.demo" line-rate="0.7142857142857143" branch-rate="1.0" complexity="2.0">
			<classes>
				<class name="com.weixin.demo.TestApp" filename="com/weixin/demo/TestApp.java" line-rate="0.7142857142857143" branch-rate="1.0" complexity="2.0">
					<methods>
						<method name="&lt;init&gt;" signature="()V" line-rate="1.0" branch-rate="1.0" complexity="0">
							<lines>
								<line number="3" hits="1" branch="false"/>
							</lines>
						</method>
						<method name="getDataSum" signature="(II)I" line-rate="0.6666666666666666" branch-rate="1.0" complexity="0">
							<lines>
								<line number="11" hits="1" branch="false"/>
								<line number="13" hits="1" branch="false"/>
								<line number="14" hits="0" branch="false"/>
								<line number="15" hits="0" branch="false"/>
								<line number="16" hits="1" branch="false"/>
								<line number="17" hits="1" branch="false"/>
							</lines>
						</method>
					</methods>
					<lines>
						<line number="3" hits="1" branch="false"/>
						<line number="11" hits="1" branch="false"/>
						<line number="13" hits="1" branch="false"/>
						<line number="14" hits="0" branch="false"/>
						<line number="15" hits="0" branch="false"/>
						<line number="16" hits="1" branch="false"/>
						<line number="17" hits="1" branch="false"/>
					</lines>
				</class>
			</classes>
		</package>
	</packages>
</coverage>
